# JRE version: OpenJDK Runtime Environment (17.0.7) (build 17.0.7+0-b2043.56-10550314)
# Java VM: OpenJDK 64-Bit Server VM (17.0.7+0-b2043.56-10550314, mixed mode, tiered, compressed oops, compressed class ptrs, g1 gc, windows-amd64)
GC Precious Log:
 CPUs: 8 total, 8 available
 Memory: 20386M
 Large Page Support: Disabled
 NUMA Support: Disabled
 Compressed Oops: Enabled (Zero based)
 Heap Region Size: 2M
 Heap Min Capacity: 8M
 Heap Initial Capacity: 320M
 Heap Max Capacity: 3584M
 Pre-touch: Disabled
 Parallel Workers: 8
 Concurrent Workers: 2
 Concurrent Refinement Workers: 8
 Periodic GC: Disabled
Heap:
 garbage-first heap   total 524288K, used 290378K [0x0000000720000000, 0x0000000800000000)
  region size 2048K, 33 young (67584K), 7 survivors (14336K)
 Metaspace       used 153129K, committed 154176K, reserved 1245184K
  class space    used 20143K, committed 20672K, reserved 1048576K
GC Heap History (20 events):
Event: 148.557 GC heap before
{Heap before GC invocations=33 (full 0):
 garbage-first heap   total 436224K, used 327676K [0x0000000720000000, 0x0000000800000000)
  region size 2048K, 83 young (169984K), 13 survivors (26624K)
 Metaspace       used 116785K, committed 117632K, reserved 1179648K
  class space    used 15700K, committed 16128K, reserved 1048576K
}
Event: 148.593 GC heap after
{Heap after GC invocations=34 (full 0):
 garbage-first heap   total 436224K, used 206552K [0x0000000720000000, 0x0000000800000000)
  region size 2048K, 10 young (20480K), 10 survivors (20480K)
 Metaspace       used 116785K, committed 117632K, reserved 1179648K
  class space    used 15700K, committed 16128K, reserved 1048576K
}
Event: 150.071 GC heap before
{Heap before GC invocations=34 (full 0):
 garbage-first heap   total 436224K, used 333528K [0x0000000720000000, 0x0000000800000000)
  region size 2048K, 73 young (149504K), 10 survivors (20480K)
 Metaspace       used 118676K, committed 119680K, reserved 1179648K
  class space    used 15899K, committed 16384K, reserved 1048576K
}
Event: 150.084 GC heap after
{Heap after GC invocations=35 (full 0):
 garbage-first heap   total 436224K, used 204800K [0x0000000720000000, 0x0000000800000000)
  region size 2048K, 6 young (12288K), 6 survivors (12288K)
 Metaspace       used 118676K, committed 119680K, reserved 1179648K
  class space    used 15899K, committed 16384K, reserved 1048576K
}
Event: 153.936 GC heap before
{Heap before GC invocations=35 (full 0):
 garbage-first heap   total 436224K, used 337920K [0x0000000720000000, 0x0000000800000000)
  region size 2048K, 72 young (147456K), 6 survivors (12288K)
 Metaspace       used 123734K, committed 124736K, reserved 1179648K
  class space    used 16557K, committed 17088K, reserved 1048576K
}
Event: 153.948 GC heap after
{Heap after GC invocations=36 (full 0):
 garbage-first heap   total 436224K, used 212114K [0x0000000720000000, 0x0000000800000000)
  region size 2048K, 6 young (12288K), 6 survivors (12288K)
 Metaspace       used 123734K, committed 124736K, reserved 1179648K
  class space    used 16557K, committed 17088K, reserved 1048576K
}
Event: 154.130 GC heap before
{Heap before GC invocations=36 (full 0):
 garbage-first heap   total 436224K, used 230546K [0x0000000720000000, 0x0000000800000000)
  region size 2048K, 16 young (32768K), 6 survivors (12288K)
 Metaspace       used 123806K, committed 124800K, reserved 1179648K
  class space    used 16568K, committed 17088K, reserved 1048576K
}
Event: 154.140 GC heap after
{Heap after GC invocations=37 (full 0):
 garbage-first heap   total 436224K, used 212349K [0x0000000720000000, 0x0000000800000000)
  region size 2048K, 2 young (4096K), 2 survivors (4096K)
 Metaspace       used 123806K, committed 124800K, reserved 1179648K
  class space    used 16568K, committed 17088K, reserved 1048576K
}
Event: 156.348 GC heap before
{Heap before GC invocations=38 (full 0):
 garbage-first heap   total 436224K, used 331133K [0x0000000720000000, 0x0000000800000000)
  region size 2048K, 68 young (139264K), 2 survivors (4096K)
 Metaspace       used 134145K, committed 135168K, reserved 1179648K
  class space    used 17653K, committed 18176K, reserved 1048576K
}
Event: 156.361 GC heap after
{Heap after GC invocations=39 (full 0):
 garbage-first heap   total 436224K, used 208186K [0x0000000720000000, 0x0000000800000000)
  region size 2048K, 9 young (18432K), 9 survivors (18432K)
 Metaspace       used 134145K, committed 135168K, reserved 1179648K
  class space    used 17653K, committed 18176K, reserved 1048576K
}
Event: 156.365 GC heap before
{Heap before GC invocations=39 (full 0):
 garbage-first heap   total 436224K, used 208186K [0x0000000720000000, 0x0000000800000000)
  region size 2048K, 10 young (20480K), 9 survivors (18432K)
 Metaspace       used 134145K, committed 135168K, reserved 1179648K
  class space    used 17653K, committed 18176K, reserved 1048576K
}
Event: 156.386 GC heap after
{Heap after GC invocations=40 (full 0):
 garbage-first heap   total 436224K, used 171130K [0x0000000720000000, 0x0000000800000000)
  region size 2048K, 1 young (2048K), 1 survivors (2048K)
 Metaspace       used 134145K, committed 135168K, reserved 1179648K
  class space    used 17653K, committed 18176K, reserved 1048576K
}
Event: 156.669 GC heap before
{Heap before GC invocations=40 (full 0):
 garbage-first heap   total 436224K, used 189562K [0x0000000720000000, 0x0000000800000000)
  region size 2048K, 10 young (20480K), 1 survivors (2048K)
 Metaspace       used 137612K, committed 138688K, reserved 1179648K
  class space    used 17968K, committed 18496K, reserved 1048576K
}
Event: 156.674 GC heap after
{Heap after GC invocations=41 (full 0):
 garbage-first heap   total 436224K, used 174080K [0x0000000720000000, 0x0000000800000000)
  region size 2048K, 2 young (4096K), 2 survivors (4096K)
 Metaspace       used 137612K, committed 138688K, reserved 1179648K
  class space    used 17968K, committed 18496K, reserved 1048576K
}
Event: 158.063 GC heap before
{Heap before GC invocations=41 (full 0):
 garbage-first heap   total 436224K, used 337920K [0x0000000720000000, 0x0000000800000000)
  region size 2048K, 82 young (167936K), 2 survivors (4096K)
 Metaspace       used 144380K, committed 145408K, reserved 1179648K
  class space    used 18911K, committed 19456K, reserved 1048576K
}
Event: 158.090 GC heap after
{Heap after GC invocations=42 (full 0):
 garbage-first heap   total 436224K, used 229136K [0x0000000720000000, 0x0000000800000000)
  region size 2048K, 11 young (22528K), 11 survivors (22528K)
 Metaspace       used 144380K, committed 145408K, reserved 1179648K
  class space    used 18911K, committed 19456K, reserved 1048576K
}
Event: 158.788 GC heap before
{Heap before GC invocations=42 (full 0):
 garbage-first heap   total 436224K, used 311056K [0x0000000720000000, 0x0000000800000000)
  region size 2048K, 51 young (104448K), 11 survivors (22528K)
 Metaspace       used 144797K, committed 145856K, reserved 1179648K
  class space    used 18939K, committed 19456K, reserved 1048576K
}
Event: 158.800 GC heap after
{Heap after GC invocations=43 (full 0):
 garbage-first heap   total 524288K, used 227204K [0x0000000720000000, 0x0000000800000000)
  region size 2048K, 2 young (4096K), 2 survivors (4096K)
 Metaspace       used 144797K, committed 145856K, reserved 1179648K
  class space    used 18939K, committed 19456K, reserved 1048576K
}
Event: 162.166 GC heap before
{Heap before GC invocations=43 (full 0):
 garbage-first heap   total 524288K, used 395140K [0x0000000720000000, 0x0000000800000000)
  region size 2048K, 83 young (169984K), 2 survivors (4096K)
 Metaspace       used 147583K, committed 148672K, reserved 1179648K
  class space    used 19352K, committed 19904K, reserved 1048576K
}
Event: 162.176 GC heap after
{Heap after GC invocations=44 (full 0):
 garbage-first heap   total 524288K, used 241226K [0x0000000720000000, 0x0000000800000000)
  region size 2048K, 7 young (14336K), 7 survivors (14336K)
 Metaspace       used 147583K, committed 148672K, reserved 1179648K
  class space    used 19352K, committed 19904K, reserved 1048576K
}

